C:\Program Files (x86)\Microsoft Visual Studio\2019\Community\MSBuild\Microsoft\VC\v160\Microsoft.CppBuild.targets(449,5): warning MSB8003: The WindowsSDKDir property is not defined. Some build tools may not be found.
  main.cpp
C:\Users\chang\Code\SDL2-2.0.12\include\SDL_stdinc.h(50,12): fatal error C1083: Cannot open include file: 'stddef.h': No such file or directory
  AnimationManager.cpp
C:\Users\chang\source\repos\SunnylandWoods\src\animation_manager\AnimationManager.hpp(6,10): fatal error C1083: Cannot open include file: 'SDL2/SDL.h': No such file or directory
  AssetFactory.cpp
C:\Users\chang\source\repos\SunnylandWoods\src\asset_factory\AssetFactory.hpp(4,10): fatal error C1083: Cannot open include file: 'SDL2/SDL.h': No such file or directory
  CameraManager.cpp
C:\Program Files (x86)\Microsoft Visual Studio\2019\Community\VC\Tools\MSVC\14.26.28801\include\yvals.h(12,10): fatal error C1083: Cannot open include file: 'crtdbg.h': No such file or directory
  CameraManager_gtest.cpp
C:\Users\chang\source\repos\SunnylandWoods\src\camera_manager_gtest\CameraManager_gtest.cpp(2,10): fatal error C1083: Cannot open include file: 'gtest/gtest.h': No such file or directory
  ClickableManager.cpp
C:\Users\chang\source\repos\SunnylandWoods\src\clickable_manager\ClickableManager.hpp(4,10): fatal error C1083: Cannot open include file: 'SDL2/SDL.h': No such file or directory
  CollisionManager.cpp
C:\Program Files (x86)\Microsoft Visual Studio\2019\Community\VC\Tools\MSVC\14.26.28801\include\yvals.h(12,10): fatal error C1083: Cannot open include file: 'crtdbg.h': No such file or directory
  EnemyManager.cpp
C:\Users\chang\source\repos\SunnylandWoods\src\enemy_manager\EnemyManager.hpp(6,10): fatal error C1083: Cannot open include file: 'SDL2/SDL.h': No such file or directory
  GameInterface.cpp
C:\Users\chang\source\repos\SunnylandWoods\src\game_interface\GameInterface.hpp(6,10): fatal error C1083: Cannot open include file: 'SDL2/SDL.h': No such file or directory
  id_manager.cpp
C:\Program Files (x86)\Microsoft Visual Studio\2019\Community\VC\Tools\MSVC\14.26.28801\include\yvals.h(12,10): fatal error C1083: Cannot open include file: 'crtdbg.h': No such file or directory
  id_manager_gtest.cpp
  InputManager.cpp
C:\Users\chang\source\repos\SunnylandWoods\src\input_manager\InputManager.hpp(6,10): fatal error C1083: Cannot open include file: 'SDL2/SDL.h': No such file or directory
  InterfaceManager.cpp
C:\Users\chang\source\repos\SunnylandWoods\src\interface_manager\InterfaceManager.hpp(6,10): fatal error C1083: Cannot open include file: 'SDL2/SDL.h': No such file or directory
  LevelManager.cpp
C:\Program Files (x86)\Microsoft Visual Studio\2019\Community\VC\Tools\MSVC\14.26.28801\include\yvals.h(12,10): fatal error C1083: Cannot open include file: 'crtdbg.h': No such file or directory
  MainMenuInterface.cpp
C:\Users\chang\source\repos\SunnylandWoods\src\main_menu_interface\MainMenuInterface.cpp(3,10): fatal error C1083: Cannot open include file: 'SDL2/SDL.h': No such file or directory
  MapManager.cpp
C:\Users\chang\source\repos\SunnylandWoods\src\map_manager\MapManager.hpp(6,10): fatal error C1083: Cannot open include file: 'SDL2/SDL.h': No such file or directory
  PlayerManager.cpp
C:\Users\chang\source\repos\SunnylandWoods\src\player_manager\PlayerManager.hpp(6,10): fatal error C1083: Cannot open include file: 'SDL2/SDL.h': No such file or directory
  TimeManager.cpp
C:\Users\chang\source\repos\SunnylandWoods\src\time_manager\TimeManager.hpp(4,10): fatal error C1083: Cannot open include file: 'SDL2/SDL.h': No such file or directory
  Generating Code...
