c:\users\chang\source\repos\sunnylandwoods\x64\debug\vc142.pdb
c:\users\chang\source\repos\sunnylandwoods\x64\debug\vc142.idb
c:\users\chang\source\repos\sunnylandwoods\x64\debug\timemanager.obj
c:\users\chang\source\repos\sunnylandwoods\x64\debug\playermanager.obj
c:\users\chang\source\repos\sunnylandwoods\x64\debug\mapmanager.obj
c:\users\chang\source\repos\sunnylandwoods\x64\debug\mainmenuinterface.obj
c:\users\chang\source\repos\sunnylandwoods\x64\debug\levelmanager.obj
c:\users\chang\source\repos\sunnylandwoods\x64\debug\interfacemanager.obj
c:\users\chang\source\repos\sunnylandwoods\x64\debug\inputmanager.obj
c:\users\chang\source\repos\sunnylandwoods\x64\debug\id_manager.obj
c:\users\chang\source\repos\sunnylandwoods\x64\debug\gameinterface.obj
c:\users\chang\source\repos\sunnylandwoods\x64\debug\enemymanager.obj
c:\users\chang\source\repos\sunnylandwoods\x64\debug\collisionmanager.obj
c:\users\chang\source\repos\sunnylandwoods\x64\debug\clickablemanager.obj
c:\users\chang\source\repos\sunnylandwoods\x64\debug\cameramanager.obj
c:\users\chang\source\repos\sunnylandwoods\x64\debug\assetfactory.obj
c:\users\chang\source\repos\sunnylandwoods\x64\debug\animationmanager.obj
c:\users\chang\source\repos\sunnylandwoods\x64\debug\main.obj
c:\users\chang\source\repos\sunnylandwoods\x64\debug\logger.obj
c:\users\chang\onedrive\documents\coding\sunnylandwoods\x64\debug\vc142.pdb
c:\users\chang\onedrive\documents\coding\sunnylandwoods\x64\debug\vc142.idb
c:\users\chang\onedrive\documents\coding\sunnylandwoods\x64\debug\timemanager.obj
c:\users\chang\onedrive\documents\coding\sunnylandwoods\x64\debug\playermanager.obj
c:\users\chang\onedrive\documents\coding\sunnylandwoods\x64\debug\mapmanager.obj
c:\users\chang\onedrive\documents\coding\sunnylandwoods\x64\debug\mainmenuinterface.obj
c:\users\chang\onedrive\documents\coding\sunnylandwoods\x64\debug\logger.obj
c:\users\chang\onedrive\documents\coding\sunnylandwoods\x64\debug\levelmanager.obj
c:\users\chang\onedrive\documents\coding\sunnylandwoods\x64\debug\interfacemanager.obj
c:\users\chang\onedrive\documents\coding\sunnylandwoods\x64\debug\inputmanager.obj
c:\users\chang\onedrive\documents\coding\sunnylandwoods\x64\debug\id_manager.obj
c:\users\chang\onedrive\documents\coding\sunnylandwoods\x64\debug\gameinterface.obj
c:\users\chang\onedrive\documents\coding\sunnylandwoods\x64\debug\enemymanager.obj
c:\users\chang\onedrive\documents\coding\sunnylandwoods\x64\debug\collisionmanager.obj
c:\users\chang\onedrive\documents\coding\sunnylandwoods\x64\debug\clickablemanager.obj
c:\users\chang\onedrive\documents\coding\sunnylandwoods\x64\debug\cameramanager.obj
c:\users\chang\onedrive\documents\coding\sunnylandwoods\x64\debug\assetfactory.obj
c:\users\chang\onedrive\documents\coding\sunnylandwoods\x64\debug\animationmanager.obj
c:\users\chang\onedrive\documents\coding\sunnylandwoods\x64\debug\main.obj
c:\users\chang\source\repos\sunnylandwoods\x64\debug\sunnylandwoods.exe
c:\users\chang\source\repos\sunnylandwoods\x64\debug\sunnylandwoods.ilk
c:\users\chang\source\repos\sunnylandwoods\x64\debug\sunnylandwoods.pdb
c:\users\chang\source\repos\sunnylandwoods\x64\debug\sunnylandwoodsiconrc.res
c:\users\chang\onedrive\documents\coding\sunnylandwoods\x64\debug\sunnylandwoodsiconrc.res
c:\users\chang\onedrive\documents\coding\sunnylandwoods\x64\debug\mylogger.obj
c:\users\chang\onedrive\documents\coding\sunnylandwoods\x64\debug\sunnylandwoods.pdb
c:\users\chang\onedrive\documents\coding\sunnylandwoods\x64\debug\sunnylandwoods.tlog\cl.command.1.tlog
c:\users\chang\onedrive\documents\coding\sunnylandwoods\x64\debug\sunnylandwoods.tlog\cl.read.1.tlog
c:\users\chang\onedrive\documents\coding\sunnylandwoods\x64\debug\sunnylandwoods.tlog\cl.write.1.tlog
c:\users\chang\onedrive\documents\coding\sunnylandwoods\x64\debug\sunnylandwoods.tlog\link-cvtres.read.1.tlog
c:\users\chang\onedrive\documents\coding\sunnylandwoods\x64\debug\sunnylandwoods.tlog\link-cvtres.write.1.tlog
c:\users\chang\onedrive\documents\coding\sunnylandwoods\x64\debug\sunnylandwoods.tlog\link-rc.read.1.tlog
c:\users\chang\onedrive\documents\coding\sunnylandwoods\x64\debug\sunnylandwoods.tlog\link-rc.write.1.tlog
c:\users\chang\onedrive\documents\coding\sunnylandwoods\x64\debug\sunnylandwoods.tlog\link.command.1.tlog
c:\users\chang\onedrive\documents\coding\sunnylandwoods\x64\debug\sunnylandwoods.tlog\link.read.1.tlog
c:\users\chang\onedrive\documents\coding\sunnylandwoods\x64\debug\sunnylandwoods.tlog\link.write.1.tlog
c:\users\chang\onedrive\documents\coding\sunnylandwoods\x64\debug\sunnylandwoods.tlog\rc.command.1.tlog
c:\users\chang\onedrive\documents\coding\sunnylandwoods\x64\debug\sunnylandwoods.tlog\rc.read.1.tlog
c:\users\chang\onedrive\documents\coding\sunnylandwoods\x64\debug\sunnylandwoods.tlog\rc.write.1.tlog
